<?xml version="1.0" encoding="UTF-8"?>
<coverage generated="1595114704502" clover="3.2.0">
  <project timestamp="1595114704502" name="All files">
    <metrics statements="31" coveredstatements="29" conditionals="4" coveredconditionals="4" methods="19" coveredmethods="17" elements="54" coveredelements="50" complexity="0" loc="31" ncloc="31" packages="5" files="7" classes="7"/>
    <package name="src">
      <metrics statements="11" coveredstatements="11" conditionals="0" coveredconditionals="0" methods="4" coveredmethods="4"/>
      <file name="main.js" path="/home/bashalir/Projets/pokememory/src/main.js">
        <metrics statements="6" coveredstatements="6" conditionals="0" coveredconditionals="0" methods="3" coveredmethods="3"/>
        <line num="3" count="1" type="stmt"/>
        <line num="4" count="1" type="stmt"/>
        <line num="6" count="1" type="stmt"/>
        <line num="7" count="1" type="stmt"/>
        <line num="8" count="2" type="stmt"/>
        <line num="11" count="1" type="stmt"/>
      </file>
      <file name="pokemon.js" path="/home/bashalir/Projets/pokememory/src/pokemon.js">
        <metrics statements="5" coveredstatements="5" conditionals="0" coveredconditionals="0" methods="1" coveredmethods="1"/>
        <line num="7" count="1" type="stmt"/>
        <line num="8" count="3" type="stmt"/>
        <line num="9" count="3" type="stmt"/>
        <line num="10" count="3" type="stmt"/>
        <line num="12" count="3" type="stmt"/>
      </file>
    </package>
    <package name="src.app.adapters.secondaries.inmemory">
      <metrics statements="4" coveredstatements="4" conditionals="1" coveredconditionals="1" methods="5" coveredmethods="5"/>
      <file name="InMemoryPokemonLoader.js" path="/home/bashalir/Projets/pokememory/src/app/adapters/secondaries/inmemory/InMemoryPokemonLoader.js">
        <metrics statements="4" coveredstatements="4" conditionals="1" coveredconditionals="1" methods="5" coveredmethods="5"/>
        <line num="6" count="6" type="stmt"/>
        <line num="10" count="4" type="stmt"/>
        <line num="14" count="2" type="stmt"/>
        <line num="15" count="4" type="stmt"/>
      </file>
    </package>
    <package name="src.app.domain.entities">
      <metrics statements="3" coveredstatements="3" conditionals="0" coveredconditionals="0" methods="1" coveredmethods="1"/>
      <file name="pokemon.js" path="/home/bashalir/Projets/pokememory/src/app/domain/entities/pokemon.js">
        <metrics statements="3" coveredstatements="3" conditionals="0" coveredconditionals="0" methods="1" coveredmethods="1"/>
        <line num="3" count="12" type="stmt"/>
        <line num="4" count="12" type="stmt"/>
        <line num="5" count="12" type="stmt"/>
      </file>
    </package>
    <package name="src.app.domain.loaders">
      <metrics statements="0" coveredstatements="0" conditionals="0" coveredconditionals="0" methods="1" coveredmethods="0"/>
      <file name="PokemonLoarder.js" path="/home/bashalir/Projets/pokememory/src/app/domain/loaders/PokemonLoarder.js">
        <metrics statements="0" coveredstatements="0" conditionals="0" coveredconditionals="0" methods="1" coveredmethods="0"/>
      </file>
    </package>
    <package name="src.app.usecases">
      <metrics statements="13" coveredstatements="11" conditionals="3" coveredconditionals="3" methods="8" coveredmethods="7"/>
      <file name="pokemon.builder.js" path="/home/bashalir/Projets/pokememory/src/app/usecases/pokemon.builder.js">
        <metrics statements="10" coveredstatements="8" conditionals="3" coveredconditionals="3" methods="5" coveredmethods="4"/>
        <line num="5" count="12" type="stmt"/>
        <line num="6" count="12" type="stmt"/>
        <line num="7" count="12" type="stmt"/>
        <line num="11" count="6" type="stmt"/>
        <line num="12" count="6" type="stmt"/>
        <line num="15" count="6" type="stmt"/>
        <line num="16" count="6" type="stmt"/>
        <line num="19" count="0" type="stmt"/>
        <line num="20" count="0" type="stmt"/>
        <line num="24" count="12" type="stmt"/>
      </file>
      <file name="pokemon.handler.js" path="/home/bashalir/Projets/pokememory/src/app/usecases/pokemon.handler.js">
        <metrics statements="3" coveredstatements="3" conditionals="0" coveredconditionals="0" methods="3" coveredmethods="3"/>
        <line num="3" count="6" type="stmt"/>
        <line num="7" count="4" type="stmt"/>
        <line num="11" count="2" type="stmt"/>
      </file>
    </package>
  </project>
</coverage>
